2020-01-09 18:55:41.185  INFO 2376 --- [main] com.example.demo.SareetaApplication      : Starting SareetaApplication on Qiushis-MacBook-Pro.local with PID 2376 (started by qiushili in /Users/qiushili/Desktop/JDND/JDND/projects/P04-eCommerce Application/starter_code)
2020-01-09 18:55:41.190  INFO 2376 --- [main] com.example.demo.SareetaApplication      : No active profile set, falling back to default profiles: default
2020-01-09 18:55:41.868  INFO 2376 --- [main] .s.d.r.c.RepositoryConfigurationDelegate : Bootstrapping Spring Data repositories in DEFAULT mode.
2020-01-09 18:55:41.973  INFO 2376 --- [main] .s.d.r.c.RepositoryConfigurationDelegate : Finished Spring Data repository scanning in 86ms. Found 4 repository interfaces.
2020-01-09 18:55:42.450  INFO 2376 --- [main] trationDelegate$BeanPostProcessorChecker : Bean 'org.springframework.transaction.annotation.ProxyTransactionManagementConfiguration' of type [org.springframework.transaction.annotation.ProxyTransactionManagementConfiguration$$EnhancerBySpringCGLIB$$12086def] is not eligible for getting processed by all BeanPostProcessors (for example: not eligible for auto-proxying)
2020-01-09 18:55:42.725  INFO 2376 --- [main] o.s.b.w.embedded.tomcat.TomcatWebServer  : Tomcat initialized with port(s): 8080 (http)
2020-01-09 18:55:42.751  INFO 2376 --- [main] o.apache.catalina.core.StandardService   : Starting service [Tomcat]
2020-01-09 18:55:42.752  INFO 2376 --- [main] org.apache.catalina.core.StandardEngine  : Starting Servlet engine: [Apache Tomcat/9.0.19]
2020-01-09 18:55:42.850  INFO 2376 --- [main] o.a.c.c.C.[Tomcat].[localhost].[/]       : Initializing Spring embedded WebApplicationContext
2020-01-09 18:55:42.851  INFO 2376 --- [main] o.s.web.context.ContextLoader            : Root WebApplicationContext: initialization completed in 1609 ms
2020-01-09 18:55:43.038  INFO 2376 --- [main] com.zaxxer.hikari.HikariDataSource       : HikariPool-1 - Starting...
2020-01-09 18:55:43.169  INFO 2376 --- [main] com.zaxxer.hikari.HikariDataSource       : HikariPool-1 - Start completed.
2020-01-09 18:55:43.220  INFO 2376 --- [main] o.hibernate.jpa.internal.util.LogHelper  : HHH000204: Processing PersistenceUnitInfo [
	name: default
	...]
2020-01-09 18:55:43.391  INFO 2376 --- [main] org.hibernate.Version                    : HHH000412: Hibernate Core {5.3.10.Final}
2020-01-09 18:55:43.393  INFO 2376 --- [main] org.hibernate.cfg.Environment            : HHH000206: hibernate.properties not found
2020-01-09 18:55:43.667  INFO 2376 --- [main] o.hibernate.annotations.common.Version   : HCANN000001: Hibernate Commons Annotations {5.0.4.Final}
2020-01-09 18:55:43.944  INFO 2376 --- [main] org.hibernate.dialect.Dialect            : HHH000400: Using dialect: org.hibernate.dialect.H2Dialect
2020-01-09 18:55:44.838  INFO 2376 --- [main] j.LocalContainerEntityManagerFactoryBean : Initialized JPA EntityManagerFactory for persistence unit 'default'
2020-01-09 18:55:45.484  INFO 2376 --- [main] o.s.s.web.DefaultSecurityFilterChain     : Creating filter chain: any request, [org.springframework.security.web.context.request.async.WebAsyncManagerIntegrationFilter@642c6461, org.springframework.security.web.context.SecurityContextPersistenceFilter@23ad2d17, org.springframework.security.web.header.HeaderWriterFilter@1e92c3b6, org.springframework.web.filter.CorsFilter@3ace6346, org.springframework.security.web.authentication.logout.LogoutFilter@720f56e2, com.example.demo.security.JWTAuthenticationFilter@4e48462d, com.example.demo.security.JWTAuthorizationFilter@17216605, org.springframework.security.web.savedrequest.RequestCacheAwareFilter@25f0c5e7, org.springframework.security.web.servletapi.SecurityContextHolderAwareRequestFilter@20a3e10c, org.springframework.security.web.authentication.AnonymousAuthenticationFilter@10a907ec, org.springframework.security.web.session.SessionManagementFilter@207dd1b7, org.springframework.security.web.access.ExceptionTranslationFilter@66451058, org.springframework.security.web.access.intercept.FilterSecurityInterceptor@2e4eda17]
2020-01-09 18:55:45.627  INFO 2376 --- [main] o.s.s.concurrent.ThreadPoolTaskExecutor  : Initializing ExecutorService 'applicationTaskExecutor'
2020-01-09 18:55:45.671  WARN 2376 --- [main] aWebConfiguration$JpaWebMvcConfiguration : spring.jpa.open-in-view is enabled by default. Therefore, database queries may be performed during view rendering. Explicitly configure spring.jpa.open-in-view to disable this warning
2020-01-09 18:55:45.852  INFO 2376 --- [main] o.s.b.w.embedded.tomcat.TomcatWebServer  : Tomcat started on port(s): 8080 (http) with context path ''
2020-01-09 18:55:45.854  INFO 2376 --- [main] com.example.demo.SareetaApplication      : Started SareetaApplication in 5.263 seconds (JVM running for 6.045)
2020-01-09 18:59:04.443  INFO 2376 --- [Thread-12] o.s.s.concurrent.ThreadPoolTaskExecutor  : Shutting down ExecutorService 'applicationTaskExecutor'
2020-01-09 18:59:04.447  INFO 2376 --- [Thread-12] j.LocalContainerEntityManagerFactoryBean : Closing JPA EntityManagerFactory for persistence unit 'default'
2020-01-09 18:59:04.450  INFO 2376 --- [Thread-12] com.zaxxer.hikari.HikariDataSource       : HikariPool-1 - Shutdown initiated...
2020-01-09 18:59:04.454  INFO 2376 --- [Thread-12] com.zaxxer.hikari.HikariDataSource       : HikariPool-1 - Shutdown completed.
2020-01-09 18:59:08.563  INFO 2471 --- [main] com.example.demo.SareetaApplication      : Starting SareetaApplication on Qiushis-MacBook-Pro.local with PID 2471 (started by qiushili in /Users/qiushili/Desktop/JDND/JDND/projects/P04-eCommerce Application/starter_code)
2020-01-09 18:59:08.567  INFO 2471 --- [main] com.example.demo.SareetaApplication      : No active profile set, falling back to default profiles: default
2020-01-09 18:59:09.166  INFO 2471 --- [main] .s.d.r.c.RepositoryConfigurationDelegate : Bootstrapping Spring Data repositories in DEFAULT mode.
2020-01-09 18:59:09.222  INFO 2471 --- [main] .s.d.r.c.RepositoryConfigurationDelegate : Finished Spring Data repository scanning in 50ms. Found 4 repository interfaces.
2020-01-09 18:59:09.658  INFO 2471 --- [main] trationDelegate$BeanPostProcessorChecker : Bean 'org.springframework.transaction.annotation.ProxyTransactionManagementConfiguration' of type [org.springframework.transaction.annotation.ProxyTransactionManagementConfiguration$$EnhancerBySpringCGLIB$$b744f45] is not eligible for getting processed by all BeanPostProcessors (for example: not eligible for auto-proxying)
2020-01-09 18:59:09.852  INFO 2471 --- [main] o.s.b.w.embedded.tomcat.TomcatWebServer  : Tomcat initialized with port(s): 8080 (http)
2020-01-09 18:59:09.873  INFO 2471 --- [main] o.apache.catalina.core.StandardService   : Starting service [Tomcat]
2020-01-09 18:59:09.873  INFO 2471 --- [main] org.apache.catalina.core.StandardEngine  : Starting Servlet engine: [Apache Tomcat/9.0.19]
2020-01-09 18:59:09.949  INFO 2471 --- [main] o.a.c.c.C.[Tomcat].[localhost].[/]       : Initializing Spring embedded WebApplicationContext
2020-01-09 18:59:09.949  INFO 2471 --- [main] o.s.web.context.ContextLoader            : Root WebApplicationContext: initialization completed in 1312 ms
2020-01-09 18:59:10.067  INFO 2471 --- [main] com.zaxxer.hikari.HikariDataSource       : HikariPool-1 - Starting...
2020-01-09 18:59:10.149  INFO 2471 --- [main] com.zaxxer.hikari.HikariDataSource       : HikariPool-1 - Start completed.
2020-01-09 18:59:10.190  INFO 2471 --- [main] o.hibernate.jpa.internal.util.LogHelper  : HHH000204: Processing PersistenceUnitInfo [
	name: default
	...]
2020-01-09 18:59:10.291  INFO 2471 --- [main] org.hibernate.Version                    : HHH000412: Hibernate Core {5.3.10.Final}
2020-01-09 18:59:10.291  INFO 2471 --- [main] org.hibernate.cfg.Environment            : HHH000206: hibernate.properties not found
2020-01-09 18:59:10.370  INFO 2471 --- [main] o.hibernate.annotations.common.Version   : HCANN000001: Hibernate Commons Annotations {5.0.4.Final}
2020-01-09 18:59:10.470  INFO 2471 --- [main] org.hibernate.dialect.Dialect            : HHH000400: Using dialect: org.hibernate.dialect.H2Dialect
2020-01-09 18:59:11.002  INFO 2471 --- [main] j.LocalContainerEntityManagerFactoryBean : Initialized JPA EntityManagerFactory for persistence unit 'default'
2020-01-09 18:59:11.416  INFO 2471 --- [main] o.s.s.web.DefaultSecurityFilterChain     : Creating filter chain: any request, [org.springframework.security.web.context.request.async.WebAsyncManagerIntegrationFilter@133aacbe, org.springframework.security.web.context.SecurityContextPersistenceFilter@7d7ceca8, org.springframework.security.web.header.HeaderWriterFilter@5d2a86c0, org.springframework.web.filter.CorsFilter@2aa5bd48, org.springframework.security.web.authentication.logout.LogoutFilter@73e4bb60, com.example.demo.security.JWTAuthenticationFilter@7cfb8e98, com.example.demo.security.JWTAuthorizationFilter@5f193335, org.springframework.security.web.savedrequest.RequestCacheAwareFilter@26c7b1c6, org.springframework.security.web.servletapi.SecurityContextHolderAwareRequestFilter@6744707b, org.springframework.security.web.authentication.AnonymousAuthenticationFilter@19002b34, org.springframework.security.web.session.SessionManagementFilter@65bd19bf, org.springframework.security.web.access.ExceptionTranslationFilter@36510e73, org.springframework.security.web.access.intercept.FilterSecurityInterceptor@74123110]
2020-01-09 18:59:11.530  INFO 2471 --- [main] o.s.s.concurrent.ThreadPoolTaskExecutor  : Initializing ExecutorService 'applicationTaskExecutor'
2020-01-09 18:59:11.556  WARN 2471 --- [main] aWebConfiguration$JpaWebMvcConfiguration : spring.jpa.open-in-view is enabled by default. Therefore, database queries may be performed during view rendering. Explicitly configure spring.jpa.open-in-view to disable this warning
2020-01-09 18:59:11.715  INFO 2471 --- [main] o.s.b.w.embedded.tomcat.TomcatWebServer  : Tomcat started on port(s): 8080 (http) with context path ''
2020-01-09 18:59:11.717  INFO 2471 --- [main] com.example.demo.SareetaApplication      : Started SareetaApplication in 3.504 seconds (JVM running for 4.06)
2020-01-09 19:09:12.908  INFO 2471 --- [http-nio-8080-exec-1] o.a.c.c.C.[Tomcat].[localhost].[/]       : Initializing Spring DispatcherServlet 'dispatcherServlet'
2020-01-09 19:09:12.908  INFO 2471 --- [http-nio-8080-exec-1] o.s.web.servlet.DispatcherServlet        : Initializing Servlet 'dispatcherServlet'
2020-01-09 19:09:12.915  INFO 2471 --- [http-nio-8080-exec-1] o.s.web.servlet.DispatcherServlet        : Completed initialization in 7 ms
2020-01-09 19:12:42.386  INFO 2471 --- [http-nio-8080-exec-6] c.e.demo.controllers.UserController      : create user with username: Dad
2020-01-09 19:12:42.386 ERROR 2471 --- [http-nio-8080-exec-6] c.e.demo.controllers.UserController      : passwords don't match or too short
2020-01-09 19:13:08.365  INFO 2471 --- [http-nio-8080-exec-8] c.e.demo.controllers.UserController      : create user with username: Dad
2020-01-09 19:13:08.530  INFO 2471 --- [http-nio-8080-exec-8] c.e.demo.controllers.UserController      : successfully create user: Dad
2020-01-09 19:17:21.763  INFO 2471 --- [http-nio-8080-exec-10] c.e.demo.controllers.UserController      : create user with username: Dad
2020-01-09 19:17:21.763 ERROR 2471 --- [http-nio-8080-exec-10] c.e.demo.controllers.UserController      : passwords don't match or too short
2020-01-09 19:17:25.774  INFO 2471 --- [http-nio-8080-exec-3] c.e.demo.controllers.UserController      : create user with username: Dad
2020-01-09 19:17:25.775 ERROR 2471 --- [http-nio-8080-exec-3] c.e.demo.controllers.UserController      : passwords don't match or too short
2020-01-09 19:17:26.870  INFO 2471 --- [http-nio-8080-exec-5] c.e.demo.controllers.UserController      : create user with username: Dad
2020-01-09 19:17:26.870 ERROR 2471 --- [http-nio-8080-exec-5] c.e.demo.controllers.UserController      : passwords don't match or too short
2020-01-09 19:17:27.917  INFO 2471 --- [http-nio-8080-exec-7] c.e.demo.controllers.UserController      : create user with username: Dad
2020-01-09 19:17:27.918 ERROR 2471 --- [http-nio-8080-exec-7] c.e.demo.controllers.UserController      : passwords don't match or too short
2020-01-09 19:17:29.008  INFO 2471 --- [http-nio-8080-exec-9] c.e.demo.controllers.UserController      : create user with username: Dad
2020-01-09 19:17:29.009 ERROR 2471 --- [http-nio-8080-exec-9] c.e.demo.controllers.UserController      : passwords don't match or too short
2020-01-09 19:17:30.005  INFO 2471 --- [http-nio-8080-exec-10] c.e.demo.controllers.UserController      : create user with username: Dad
2020-01-09 19:17:30.005 ERROR 2471 --- [http-nio-8080-exec-10] c.e.demo.controllers.UserController      : passwords don't match or too short
2020-01-09 19:17:31.071  INFO 2471 --- [http-nio-8080-exec-3] c.e.demo.controllers.UserController      : create user with username: Dad
2020-01-09 19:17:31.072 ERROR 2471 --- [http-nio-8080-exec-3] c.e.demo.controllers.UserController      : passwords don't match or too short
2020-01-09 19:17:42.371  INFO 2471 --- [http-nio-8080-exec-5] c.e.demo.controllers.UserController      : create user with username: Daddy
2020-01-09 19:17:42.493  INFO 2471 --- [http-nio-8080-exec-5] c.e.demo.controllers.UserController      : successfully create user: Daddy
2020-01-09 19:43:22.189  INFO 2471 --- [http-nio-8080-exec-3] o.h.h.i.QueryTranslatorFactoryInitiator  : HHH000397: Using ASTQueryTranslatorFactory
2020-01-09 19:50:51.581  INFO 2471 --- [http-nio-8080-exec-4] c.e.demo.controllers.OrderController     : new order created successfully!
2020-01-09 19:50:58.872  INFO 2471 --- [http-nio-8080-exec-6] c.e.demo.controllers.OrderController     : new order created successfully!
2020-01-09 19:51:08.480  INFO 2471 --- [http-nio-8080-exec-5] c.e.demo.controllers.OrderController     : user not found: Daddy2
2020-01-09 19:51:16.715  INFO 2471 --- [http-nio-8080-exec-7] c.e.demo.controllers.OrderController     : user not found: Son
2020-01-09 19:51:19.603  INFO 2471 --- [http-nio-8080-exec-8] c.e.demo.controllers.OrderController     : user not found: Son2
2020-01-09 19:51:23.672  INFO 2471 --- [http-nio-8080-exec-9] c.e.demo.controllers.OrderController     : new order created successfully!
2020-01-09 19:58:11.678  INFO 2471 --- [Thread-10] o.s.s.concurrent.ThreadPoolTaskExecutor  : Shutting down ExecutorService 'applicationTaskExecutor'
2020-01-09 19:58:11.680  INFO 2471 --- [Thread-10] j.LocalContainerEntityManagerFactoryBean : Closing JPA EntityManagerFactory for persistence unit 'default'
2020-01-09 19:58:11.682  INFO 2471 --- [Thread-10] com.zaxxer.hikari.HikariDataSource       : HikariPool-1 - Shutdown initiated...
2020-01-09 19:58:11.686  INFO 2471 --- [Thread-10] com.zaxxer.hikari.HikariDataSource       : HikariPool-1 - Shutdown completed.
